0 info it worked if it ends with ok
1 verbose cli [
1 verbose cli   '/Users/mpetersen/.nvm/versions/node/v14.15.3/bin/node',
1 verbose cli   '/Users/mpetersen/.nvm/versions/node/v14.15.3/bin/npm',
1 verbose cli   'run-script',
1 verbose cli   'docker:buildBackend',
1 verbose cli   '--no-cache'
1 verbose cli ]
2 info using npm@6.14.9
3 info using node@v14.15.3
4 verbose run-script [
4 verbose run-script   'predocker:buildBackend',
4 verbose run-script   'docker:buildBackend',
4 verbose run-script   'postdocker:buildBackend'
4 verbose run-script ]
5 info lifecycle finder@0.0.0~predocker:buildBackend: finder@0.0.0
6 info lifecycle finder@0.0.0~docker:buildBackend: finder@0.0.0
7 verbose lifecycle finder@0.0.0~docker:buildBackend: unsafe-perm in lifecycle true
8 verbose lifecycle finder@0.0.0~docker:buildBackend: PATH: /Users/mpetersen/.nvm/versions/node/v14.15.3/lib/node_modules/npm/node_modules/npm-lifecycle/node-gyp-bin:/Users/mpetersen/finder/node_modules/.bin:/Users/mpetersen/.nvm/versions/node/v14.15.3/bin:/Users/mpetersen/.nvm/versions/node/v14.15.3/bin:/usr/local/bin:/usr/bin:/bin:/usr/sbin:/sbin:/Users/mpetersen/.nvm/versions/node/v14.15.3/bin
9 verbose lifecycle finder@0.0.0~docker:buildBackend: CWD: /Users/mpetersen/finder
10 silly lifecycle finder@0.0.0~docker:buildBackend: Args: [ '-c', 'docker image build -t backend -f backend.Dockerfile .' ]
11 silly lifecycle finder@0.0.0~docker:buildBackend: Returned: code: 1  signal: null
12 info lifecycle finder@0.0.0~docker:buildBackend: Failed to exec docker:buildBackend script
13 verbose stack Error: finder@0.0.0 docker:buildBackend: `docker image build -t backend -f backend.Dockerfile .`
13 verbose stack Exit status 1
13 verbose stack     at EventEmitter.<anonymous> (/Users/mpetersen/.nvm/versions/node/v14.15.3/lib/node_modules/npm/node_modules/npm-lifecycle/index.js:332:16)
13 verbose stack     at EventEmitter.emit (events.js:315:20)
13 verbose stack     at ChildProcess.<anonymous> (/Users/mpetersen/.nvm/versions/node/v14.15.3/lib/node_modules/npm/node_modules/npm-lifecycle/lib/spawn.js:55:14)
13 verbose stack     at ChildProcess.emit (events.js:315:20)
13 verbose stack     at maybeClose (internal/child_process.js:1048:16)
13 verbose stack     at Process.ChildProcess._handle.onexit (internal/child_process.js:288:5)
14 verbose pkgid finder@0.0.0
15 verbose cwd /Users/mpetersen/finder
16 verbose Darwin 19.6.0
17 verbose argv "/Users/mpetersen/.nvm/versions/node/v14.15.3/bin/node" "/Users/mpetersen/.nvm/versions/node/v14.15.3/bin/npm" "run-script" "docker:buildBackend" "--no-cache"
18 verbose node v14.15.3
19 verbose npm  v6.14.9
20 error code ELIFECYCLE
21 error errno 1
22 error finder@0.0.0 docker:buildBackend: `docker image build -t backend -f backend.Dockerfile .`
22 error Exit status 1
23 error Failed at the finder@0.0.0 docker:buildBackend script.
23 error This is probably not a problem with npm. There is likely additional logging output above.
24 verbose exit [ 1, true ]
